
Showing logs for build [32mcb-kubecd-bdd-gh-1568286771-pr-1[0m stage [32mmeta-pipeline[0m and container [32mstep-credential-initializer-7kn9t[0m
{"level":"warn","ts":1568287030.0534663,"logger":"fallback-logger","caller":"logging/config.go:69","msg":"Fetch GitHub commit ID from kodata failed: \"ref: refs/heads/master\" is not a valid GitHub commit ID"}
{"level":"info","ts":1568287030.0541782,"logger":"fallback-logger","caller":"creds-init/main.go:40","msg":"Credentials initialized."}

Showing logs for build [32mcb-kubecd-bdd-gh-1568286771-pr-1[0m stage [32mmeta-pipeline[0m and container [32mstep-working-dir-initializer-gtxxn[0m
{"level":"warn","ts":1568287031.4865537,"logger":"fallback-logger","caller":"logging/config.go:69","msg":"Fetch GitHub commit ID from kodata failed: open /var/run/ko/HEAD: no such file or directory"}
{"level":"info","ts":1568287031.4931238,"logger":"fallback-logger","caller":"bash/main.go:65","msg":"Successfully executed command \"mkdir -p /workspace/source\""}

Showing logs for build [32mcb-kubecd-bdd-gh-1568286771-pr-1[0m stage [32mmeta-pipeline[0m and container [32mstep-place-tools[0m

Showing logs for build [32mcb-kubecd-bdd-gh-1568286771-pr-1[0m stage [32mmeta-pipeline[0m and container [32mstep-git-source-meta-cb-kubecd-bdd-gh-156828677-txb74[0m
{"level":"warn","ts":1568287035.62457,"logger":"fallback-logger","caller":"logging/config.go:69","msg":"Fetch GitHub commit ID from kodata failed: \"ref: refs/heads/master\" is not a valid GitHub commit ID"}
{"level":"info","ts":1568287036.690522,"logger":"fallback-logger","caller":"git/git.go:102","msg":"Successfully cloned https://github.com/cb-kubecd/bdd-gh-1568286771.git @ c25b8759ff2b727317f63a6e1f0475ee3c35dc93 in path /workspace/source"}

Showing logs for build [32mcb-kubecd-bdd-gh-1568286771-pr-1[0m stage [32mmeta-pipeline[0m and container [32mstep-git-merge[0m
Using SHAs from PULL_REFS=master:c25b8759ff2b727317f63a6e1f0475ee3c35dc93,1:f8cb5542bddb4adf7bd27c71d950fd5dfef9a76d
DEBUG: ran git fetch --unshallow origin f8cb5542bddb4adf7bd27c71d950fd5dfef9a76d: c25b8759ff2b727317f63a6e1f0475ee3c35dc93: in 
DEBUG: ran git checkout master in 
DEBUG: ran git reset --hard c25b8759ff2b727317f63a6e1f0475ee3c35dc93 in 
DEBUG: ran clean --force -d . in 
DEBUG: ran git merge f8cb5542bddb4adf7bd27c71d950fd5dfef9a76d in 
Merged SHA f8cb5542bddb4adf7bd27c71d950fd5dfef9a76d with commit message 'My first PR commit' into base branch master

Showing logs for build [32mcb-kubecd-bdd-gh-1568286771-pr-1[0m stage [32mmeta-pipeline[0m and container [32mstep-merge-pull-refs[0m
DEBUG: ran git fetch origin f8cb5542bddb4adf7bd27c71d950fd5dfef9a76d: c25b8759ff2b727317f63a6e1f0475ee3c35dc93: in 
DEBUG: Unshallowed git repo in 
DEBUG: ran git checkout master in 
DEBUG: ran git reset --hard c25b8759ff2b727317f63a6e1f0475ee3c35dc93 in 
DEBUG: ran clean --force -d . in 
DEBUG: ran git merge f8cb5542bddb4adf7bd27c71d950fd5dfef9a76d in 
Merged SHA f8cb5542bddb4adf7bd27c71d950fd5dfef9a76d with commit message 'My first PR commit' into base branch master

Showing logs for build [32mcb-kubecd-bdd-gh-1568286771-pr-1[0m stage [32mmeta-pipeline[0m and container [32mstep-create-effective-pipeline[0m
Deleting and cloning the Jenkins X versions repo
Cloning the Jenkins X versions repo https://github.com/jenkins-x/jenkins-x-versions.git with ref refs/heads/master to /builder/home/.**/jenkins-x-versions
Effective pipeline written to jenkins-x-serverless-jenkins-effective.yml

Showing logs for build [32mcb-kubecd-bdd-gh-1568286771-pr-1[0m stage [32mmeta-pipeline[0m and container [32mstep-create-tekton-crds[0m
PipelineActivity for cb-kubecd-bdd-gh-1568286771-PR-1-1
Applying changes 
upserted PipelineResource cb-kubecd-bdd-gh-1568286771-pr for the git repository https://github.com/cb-kubecd/bdd-gh-1568286771.git
upserted Task cb-kubecd-bdd-gh-1568286771-pr-from-build-pack-1
upserted Pipeline cb-kubecd-bdd-gh-1568286771-pr-1
created PipelineRun cb-kubecd-bdd-gh-1568286771-pr-1
created PipelineStructure cb-kubecd-bdd-gh-1568286771-pr-1

Showing logs for build [32mcb-kubecd-bdd-gh-1568286771-pr-1[0m stage [32mfrom-build-pack[0m and container [32mstep-credential-initializer-xgqlw[0m
{"level":"warn","ts":1568287047.6392522,"logger":"fallback-logger","caller":"logging/config.go:69","msg":"Fetch GitHub commit ID from kodata failed: \"ref: refs/heads/master\" is not a valid GitHub commit ID"}
{"level":"info","ts":1568287047.6398838,"logger":"fallback-logger","caller":"creds-init/main.go:40","msg":"Credentials initialized."}

Showing logs for build [32mcb-kubecd-bdd-gh-1568286771-pr-1[0m stage [32mfrom-build-pack[0m and container [32mstep-working-dir-initializer-jxcjb[0m
{"level":"warn","ts":1568287048.671183,"logger":"fallback-logger","caller":"logging/config.go:69","msg":"Fetch GitHub commit ID from kodata failed: open /var/run/ko/HEAD: no such file or directory"}
{"level":"info","ts":1568287048.6727304,"logger":"fallback-logger","caller":"bash/main.go:65","msg":"Successfully executed command \"mkdir -p /workspace/source /workspace/source/charts/preview\""}

Showing logs for build [32mcb-kubecd-bdd-gh-1568286771-pr-1[0m stage [32mfrom-build-pack[0m and container [32mstep-place-tools[0m

Showing logs for build [32mcb-kubecd-bdd-gh-1568286771-pr-1[0m stage [32mfrom-build-pack[0m and container [32mstep-git-source-cb-kubecd-bdd-gh-1568286771-pr-lcnpf[0m
{"level":"warn","ts":1568287055.8125567,"logger":"fallback-logger","caller":"logging/config.go:69","msg":"Fetch GitHub commit ID from kodata failed: \"ref: refs/heads/master\" is not a valid GitHub commit ID"}
{"level":"info","ts":1568287056.8836424,"logger":"fallback-logger","caller":"git/git.go:102","msg":"Successfully cloned https://github.com/cb-kubecd/bdd-gh-1568286771.git @ master in path /workspace/source"}

Showing logs for build [32mcb-kubecd-bdd-gh-1568286771-pr-1[0m stage [32mfrom-build-pack[0m and container [32mstep-git-merge[0m
Using SHAs from PULL_REFS=master:c25b8759ff2b727317f63a6e1f0475ee3c35dc93,1:f8cb5542bddb4adf7bd27c71d950fd5dfef9a76d
DEBUG: ran git fetch --unshallow origin f8cb5542bddb4adf7bd27c71d950fd5dfef9a76d: c25b8759ff2b727317f63a6e1f0475ee3c35dc93: in 
DEBUG: ran git checkout master in 
DEBUG: ran git reset --hard c25b8759ff2b727317f63a6e1f0475ee3c35dc93 in 
DEBUG: ran clean --force -d . in 
DEBUG: ran git merge f8cb5542bddb4adf7bd27c71d950fd5dfef9a76d in 
Merged SHA f8cb5542bddb4adf7bd27c71d950fd5dfef9a76d with commit message 'My first PR commit' into base branch master

Showing logs for build [32mcb-kubecd-bdd-gh-1568286771-pr-1[0m stage [32mfrom-build-pack[0m and container [32mstep-build-make-linux[0m
CGO_ENABLED=0 GOOS=linux GOARCH=amd64 GO15VENDOREXPERIMENT=1 go build -ldflags '' -o bin/bdd-gh-1568286771 main.go

Showing logs for build [32mcb-kubecd-bdd-gh-1568286771-pr-1[0m stage [32mfrom-build-pack[0m and container [32mstep-build-container-build[0m
[36mINFO[0m[0000] No base image, nothing to extract            
[36mINFO[0m[0000] cmd: EXPOSE                                  
[36mINFO[0m[0000] Adding exposed port: 8080/tcp                
[36mINFO[0m[0000] Using files from context: [/workspace/source/bin] 
[36mINFO[0m[0000] Skipping unpacking as no commands require it. 
[36mINFO[0m[0000] Taking snapshot of full filesystem...        
[36mINFO[0m[0000] EXPOSE 8080                                  
[36mINFO[0m[0000] cmd: EXPOSE                                  
[36mINFO[0m[0000] Adding exposed port: 8080/tcp                
[36mINFO[0m[0000] No files changed in this command, skipping snapshotting. 
[36mINFO[0m[0000] ENTRYPOINT ["/bdd-gh-1568286771"]            
[36mINFO[0m[0000] No files changed in this command, skipping snapshotting. 
[36mINFO[0m[0000] Using files from context: [/workspace/source/bin] 
[36mINFO[0m[0000] COPY ./bin/ /                                
[36mINFO[0m[0000] Taking snapshot of files...                  
2019/09/12 11:17:49 pushed blob: sha256:ee35a3ce2ea06a00e5ab4f59f12e100817c3865924a3760a7212aef011092b93
2019/09/12 11:17:50 pushed blob: sha256:9b20aea2619ecaaf85263375b51517b2c416869016e00c41ca63245912974088
2019/09/12 11:17:52 gcr.io/jenkins-x-bdd3/bdd-gh-1568286771:0.0.0-SNAPSHOT-PR-1-1: digest: sha256:ba5cfbf1066f88e101cfc053a7afef9d1ba64fbf5f09a993e48e484e23db1e05 size: 428

Showing logs for build [32mcb-kubecd-bdd-gh-1568286771-pr-1[0m stage [32mfrom-build-pack[0m and container [32mstep-postbuild-post-build[0m
no CVE provider running in the current ** namespace so skip adding image to be analysed

Showing logs for build [32mcb-kubecd-bdd-gh-1568286771-pr-1[0m stage [32mfrom-build-pack[0m and container [32mstep-promote-make-preview[0m
sed -i -e "s/version:.*/version: 0.0.0-SNAPSHOT-PR-1-1/" Chart.yaml
sed -i -e "s/version:.*/version: 0.0.0-SNAPSHOT-PR-1-1/" ../*/Chart.yaml
sed -i -e "s|repository:.*|repository: gcr.io\/jenkins-x-bdd3\/bdd-gh-1568286771|" values.yaml
sed -i -e "s/tag:.*/tag: 0.0.0-SNAPSHOT-PR-1-1/" values.yaml
echo "  version: 0.0.0-SNAPSHOT-PR-1-1" >> requirements.yaml
** step helm build
WARNING: No $CHART_REPOSITORY defined so using the default value of: http://jenkins-x-chartmuseum:8080
Adding missing Helm repo: storage.googleapis.com https://storage.googleapis.com/chartmuseum.jenkins-x.io
Successfully added Helm repository storage.googleapis.com.
Adding missing Helm repo: jenkins-x-chartmuseum http://jenkins-x-chartmuseum:8080
Successfully added Helm repository jenkins-x-chartmuseum.
WARNING: No $CHART_REPOSITORY defined so using the default value of: http://jenkins-x-chartmuseum:8080
Adding missing Helm repo: chartmuseum.jenkins-x.io http://chartmuseum.jenkins-x.io
Successfully added Helm repository chartmuseum.jenkins-x.io.

Showing logs for build [32mcb-kubecd-bdd-gh-1568286771-pr-1[0m stage [32mfrom-build-pack[0m and container [32mstep-promote-jx-preview[0m
Creating a preview
WARNING: No author for commit: f8cb5542bddb4adf7bd27c71d950fd5dfef9a76d
Created environment cb-kubecd-bdd-gh-1568286771-pr-1
Namespace **-cb-kubecd-bdd-gh-1568286771-pr-1 created 
expose:
  Annotations:
    helm.sh/hook: post-install,post-upgrade
    helm.sh/hook-delete-policy: hook-succeeded
  config:
    domain: 35.187.111.33.nip.io
    exposer: Ingress
    http: "true"
preview:
  image:
    repository: gcr.io/jenkins-x-bdd3/bdd-gh-1568286771
    tag: 0.0.0-SNAPSHOT-PR-1-1
Deleting and cloning the Jenkins X versions repo
Cloning the Jenkins X versions repo https://github.com/jenkins-x/jenkins-x-versions.git with ref refs/heads/master to /builder/home/.**/jenkins-x-versions


Updating PipelineActivities cb-kubecd-bdd-gh-1568286771-pr-1-1 which has status Running
Preview application is now available at: http://bdd-gh-1568286771.**-cb-kubecd-bdd-gh-1568286771-pr-1.35.187.111.33.nip.io
